<?xml version="1.0" encoding="UTF-8"?>
<Site BuildName="(empty)"
	BuildStamp="20240506-1327-Experimental"
	Name="ubuntu"
	Generator="ctest-3.16.3"
	CompilerName="/usr/bin/c++"
	CompilerVersion="9.4.0"
	OSName="Linux"
	Hostname="ubuntu"
	OSRelease="5.15.0-105-generic"
	OSVersion="#115~20.04.1-Ubuntu SMP Mon Apr 15 17:33:04 UTC 2024"
	OSPlatform="x86_64"
	Is64Bits="1"
	VendorString="AuthenticAMD"
	VendorID="Advanced Micro Devices"
	FamilyID="25"
	ModelID="68"
	ProcessorCacheSize="512"
	NumberOfLogicalCPU="2"
	NumberOfPhysicalCPU="2"
	TotalVirtualMemory="1873"
	TotalPhysicalMemory="3876"
	LogicalProcessorsPerPhysical="1"
	ProcessorClockFrequency="3194"
	>
	<Testing>
		<StartDateTime>May 06 06:27 PDT</StartDateTime>
		<StartTestTime>1715002055</StartTestTime>
		<TestList/>
		<EndDateTime>May 06 06:27 PDT</EndDateTime>
		<EndTestTime>1715002055</EndTestTime>
		<ElapsedMinutes>0</ElapsedMinutes>
	</Testing>
</Site>
